<?xml version="1.0" encoding="UTF-8"?>
<testng-results ignored="0" total="0" passed="0" failed="0" skipped="0">
  <reporter-output>
  </reporter-output>
  <suite started-at="2021-04-23T13:50:20 EEST" name="rozetka.RunCucumberTest" finished-at="2021-04-23T13:50:20 EEST" duration-ms="21">
    <groups>
    </groups>
    <test started-at="2021-04-23T13:50:20 EEST" name="Command line test" finished-at="2021-04-23T13:50:20 EEST" duration-ms="21">
    </test> <!-- Command line test -->
  </suite> <!-- rozetka.RunCucumberTest -->
</testng-results>
