<?xml version="1.0" encoding="UTF-8"?>
<testsuite xmlns:xsi="http://www.w3.org/2001/XMLSchema-instance" xsi:noNamespaceSchemaLocation="https://maven.apache.org/surefire/maven-surefire-plugin/xsd/surefire-test-report.xsd" name="rozetka.RunCucumberTest" time="103.776" tests="8" errors="0" skipped="0" failures="0">
  <properties>
[...]
</properties>
  <testcase name="Check correct item added to the cart" classname="rozetka.RunCucumberTest" time="38.2"/>
  <testcase name="Check the button for subscribing" classname="rozetka.RunCucumberTest" time="5.045"/>
  <testcase name="Check error display without entering email" classname="rozetka.RunCucumberTest" time="6.286"/>
  <testcase name="Check that search result is empty for irrelevant search queries #1" classname="rozetka.RunCucumberTest" time="4.397"/>
  <testcase name="Check that search result is empty for irrelevant search queries #2" classname="rozetka.RunCucumberTest" time="3.336"/>
  <testcase name="Check that search result is empty for irrelevant search queries #3" classname="rozetka.RunCucumberTest" time="3.752"/>
  <testcase name="1 Check the sorting of items by price from expensive to cheap" classname="rozetka.RunCucumberTest" time="6.132"/>
  <testcase name="2 Check the sorting of items by price from cheap to expensive" classname="rozetka.RunCucumberTest" time="6.345"/>
</testsuite>